<?xml version="1.0" encoding="UTF-8"?>
<testng-results ignored="0" total="1" passed="1" failed="0" skipped="0">
  <reporter-output>
  </reporter-output>
  <suite started-at="2025-01-21T16:54:11 IST" name="Surefire suite" finished-at="2025-01-21T16:54:16 IST" duration-ms="5266">
    <groups>
    </groups>
    <test started-at="2025-01-21T16:54:11 IST" name="Surefire test" finished-at="2025-01-21T16:54:16 IST" duration-ms="5266">
      <class name="com.automationtesingwebsite.testsuite.homePage">
        <test-method signature="test()[pri:0, instance:com.automationtesingwebsite.testsuite.homePage@b59d31]" started-at="2025-01-21T16:54:11 IST" name="test" finished-at="2025-01-21T16:54:16 IST" duration-ms="5217" status="PASS">
          <reporter-output>
          </reporter-output>
        </test-method> <!-- test -->
      </class> <!-- com.automationtesingwebsite.testsuite.homePage -->
    </test> <!-- Surefire test -->
  </suite> <!-- Surefire suite -->
</testng-results>
