<?xml version="1.0" encoding="UTF-8"?>
<!-- Generated by org.testng.reporters.JUnitXMLReporter -->
<testsuite ignored="0" hostname="SALIK" failures="1" tests="2" name="Surefire test" time="7.681" errors="0" timestamp="2025-01-21T22:52:18 IST">
  <testcase classname="com.automationtesingwebsite.testsuite.homeTest" name="testCase1" time="0.038">
    <failure type="java.lang.AssertionError" message="expected [true] but found [false]">
      <![CDATA[java.lang.AssertionError: expected [true] but found [false]
at com.automationtesingwebsite.testsuite.homeTest.testCase1(homeTest.java:20)
at java.base/java.util.ArrayList.forEach(ArrayList.java:1596)
... Removed 34 stack frames]]>
    </failure>
  </testcase> <!-- testCase1 -->
  <testcase classname="com.automationtesingwebsite.testsuite.homeTest" name="testCase2" time="0.022"/>
</testsuite> <!-- Surefire test -->
